SF:lib\common\failure.dart
DA:6,2
DA:8,0
DA:9,0
DA:13,2
DA:17,0
DA:21,0
LF:6
LH:2
end_of_record
SF:lib\domain\entities\tv_show\tv_show.dart
DA:19,1
DA:36,1
DA:37,1
DA:38,1
DA:39,1
DA:40,1
DA:41,1
DA:42,1
DA:43,1
DA:44,1
DA:45,1
DA:46,1
DA:47,1
DA:48,1
DA:49,1
DA:50,1
DA:51,1
DA:54,0
DA:61,0
DA:62,0
DA:66,0
LF:21
LH:17
end_of_record
SF:lib\domain\use_cases\tv_show\search_tv_shows.dart
DA:10,0
DA:12,0
DA:13,0
LF:3
LH:0
end_of_record
SF:lib\presentation\bloc\tv_show\search\search_tv_show_bloc.dart
DA:13,3
DA:14,1
DA:15,1
DA:16,1
DA:18,2
DA:19,2
DA:20,2
DA:22,1
DA:23,1
DA:24,3
DA:26,1
DA:27,2
DA:31,1
DA:35,1
DA:36,3
LF:15
LH:15
end_of_record
SF:lib\presentation\bloc\tv_show\search\search_tv_show_state.dart
DA:4,1
DA:6,1
DA:7,1
DA:17,1
DA:19,1
DA:20,2
DA:26,1
DA:28,1
DA:29,2
LF:9
LH:9
end_of_record
SF:lib\presentation\bloc\tv_show\search\search_tv_show_event.dart
DA:4,1
DA:9,1
DA:11,0
DA:12,0
LF:4
LH:2
end_of_record
SF:lib\domain\entities\tv_show\episode_tv_show.dart
DA:18,0
DA:34,0
DA:35,0
DA:36,0
DA:37,0
DA:38,0
DA:39,0
DA:40,0
DA:41,0
DA:42,0
DA:43,0
DA:44,0
DA:45,0
DA:46,0
DA:47,0
DA:48,0
LF:16
LH:0
end_of_record
SF:lib\domain\entities\tv_show\genre_tv_show.dart
DA:4,0
DA:12,0
DA:13,0
LF:3
LH:0
end_of_record
SF:lib\domain\entities\tv_show\tv_show_detail.dart
DA:32,0
DA:60,0
DA:61,0
DA:62,0
DA:63,0
DA:64,0
DA:65,0
DA:66,0
DA:67,0
DA:68,0
DA:69,0
DA:70,0
DA:71,0
DA:72,0
DA:73,0
DA:74,0
DA:75,0
DA:76,0
DA:77,0
DA:78,0
DA:79,0
DA:80,0
DA:81,0
DA:82,0
DA:83,0
DA:84,0
DA:85,0
DA:86,0
LF:28
LH:0
end_of_record
SF:lib\domain\entities\tv_show\tv_show_season.dart
DA:13,0
DA:24,0
DA:25,0
DA:26,0
DA:27,0
DA:28,0
DA:29,0
DA:30,0
DA:31,0
DA:32,0
DA:33,0
LF:11
LH:0
end_of_record
SF:lib\domain\entities\tv_show\tv_show_episode.dart
DA:14,0
LF:1
LH:0
end_of_record
SF:lib\domain\entities\movie\genre.dart
DA:4,0
DA:12,0
DA:13,0
LF:3
LH:0
end_of_record
SF:lib\domain\entities\movie\movie.dart
DA:4,1
DA:20,0
DA:41,1
DA:42,1
DA:43,1
DA:44,1
DA:45,1
DA:46,1
DA:47,1
DA:48,1
DA:49,1
DA:50,1
DA:51,1
DA:52,1
DA:53,1
DA:54,1
DA:55,1
LF:17
LH:16
end_of_record
SF:lib\domain\entities\movie\movie_detail.dart
DA:6,0
DA:34,0
DA:35,0
DA:36,0
DA:37,0
DA:38,0
DA:39,0
DA:40,0
DA:41,0
DA:42,0
DA:43,0
DA:44,0
DA:45,0
DA:46,0
LF:14
LH:0
end_of_record
SF:lib\domain\use_cases\movie\search_movies.dart
DA:10,0
DA:12,0
DA:13,0
LF:3
LH:0
end_of_record
SF:lib\presentation\bloc\movie\search\search_movie_state.dart
DA:4,1
DA:6,1
DA:7,1
DA:17,1
DA:19,1
DA:20,2
DA:26,1
DA:28,1
DA:29,2
LF:9
LH:9
end_of_record
SF:lib\presentation\bloc\movie\search\search_movie_event.dart
DA:4,1
DA:9,1
DA:11,0
DA:12,0
LF:4
LH:2
end_of_record
SF:lib\presentation\bloc\movie\search\search_movie_bloc.dart
DA:15,3
DA:16,1
DA:17,1
DA:18,1
DA:20,2
DA:21,2
DA:22,2
DA:24,1
DA:25,1
DA:26,3
DA:28,1
DA:29,2
DA:33,1
DA:37,1
DA:38,3
LF:15
LH:15
end_of_record
